NotePad_new-master/app/build/outputs/logs/manifest-merger-debug-report.txt
-- Merging decision tree log ---
manifest
ADDED from src\main\AndroidManifest.xml:3:1-114:12
INJECTED from src\main\AndroidManifest.xml:3:1-114:12
INJECTED from src\main\AndroidManifest.xml:3:1-114:12
	package
		ADDED from src\main\AndroidManifest.xml:5:5-42
		INJECTED from src\main\AndroidManifest.xml
		INJECTED from src\main\AndroidManifest.xml
	xmlns:tools
		ADDED from src\main\AndroidManifest.xml:4:5-51
	xmlns:android
		ADDED from src\main\AndroidManifest.xml:3:11-69
application
ADDED from src\main\AndroidManifest.xml:7:5-107:19
	android:label
		ADDED from src\main\AndroidManifest.xml:8:9-41
	android:icon
		ADDED from src\main\AndroidManifest.xml:7:18-52
provider#com.example.android.notepad.NotePadProvider
ADDED from src\main\AndroidManifest.xml:10:9-14:20
	android:authorities
		ADDED from src\main\AndroidManifest.xml:11:13-62
	android:exported
		ADDED from src\main\AndroidManifest.xml:12:13-37
	android:name
		ADDED from src\main\AndroidManifest.xml:10:19-49
grant-uri-permission
ADDED from src\main\AndroidManifest.xml:13:13-62
	android:pathPattern
		ADDED from src\main\AndroidManifest.xml:13:35-59
activity#com.example.android.notepad.NoteSearch
ADDED from src\main\AndroidManifest.xml:17:9-20:72
	android:label
		ADDED from src\main\AndroidManifest.xml:19:13-39
	android:theme
		ADDED from src\main\AndroidManifest.xml:20:13-60
	android:name
		ADDED from src\main\AndroidManifest.xml:18:13-39
activity#com.example.android.notepad.NotesList
ADDED from src\main\AndroidManifest.xml:22:9-40:20
	android:label
		ADDED from src\main\AndroidManifest.xml:22:44-84
	android:theme
		ADDED from src\main\AndroidManifest.xml:22:85-132
	android:name
		ADDED from src\main\AndroidManifest.xml:22:19-43
intent-filter#action:name:android.intent.action.MAIN+category:name:android.intent.category.LAUNCHER
ADDED from src\main\AndroidManifest.xml:23:9-26:29
action#android.intent.action.MAIN
ADDED from src\main\AndroidManifest.xml:24:17-69
	android:name
		ADDED from src\main\AndroidManifest.xml:24:25-66
category#android.intent.category.LAUNCHER
ADDED from src\main\AndroidManifest.xml:25:17-77
	android:name
		ADDED from src\main\AndroidManifest.xml:25:27-74
intent-filter#action:name:android.intent.action.EDIT+action:name:android.intent.action.PICK+action:name:android.intent.action.VIEW+category:name:android.intent.category.DEFAULT+data:mimeType:vnd.android.cursor.dir/vnd.google.note
ADDED from src\main\AndroidManifest.xml:27:13-34:29
	android:scheme
		ADDED from src\main\AndroidManifest.xml:27:28-49
	tools:ignore
		ADDED from src\main\AndroidManifest.xml:28:17-47
action#android.intent.action.VIEW
ADDED from src\main\AndroidManifest.xml:29:17-69
	android:name
		ADDED from src\main\AndroidManifest.xml:29:25-66
action#android.intent.action.EDIT
ADDED from src\main\AndroidManifest.xml:30:17-69
	android:name
		ADDED from src\main\AndroidManifest.xml:30:25-66
action#android.intent.action.PICK
ADDED from src\main\AndroidManifest.xml:31:17-69
	android:name
		ADDED from src\main\AndroidManifest.xml:31:25-66
category#android.intent.category.DEFAULT
ADDED from src\main\AndroidManifest.xml:32:17-76
	android:name
		ADDED from src\main\AndroidManifest.xml:32:27-73
data
ADDED from src\main\AndroidManifest.xml:33:17-83
	android:mimeType
		ADDED from src\main\AndroidManifest.xml:33:23-80
intent-filter#action:name:android.intent.action.GET_CONTENT+category:name:android.intent.category.DEFAULT+data:mimeType:vnd.android.cursor.item/vnd.google.note
ADDED from src\main\AndroidManifest.xml:35:13-39:29
action#android.intent.action.GET_CONTENT
ADDED from src\main\AndroidManifest.xml:36:17-76
	android:name
		ADDED from src\main\AndroidManifest.xml:36:25-73
activity#com.example.android.notepad.NoteEditor
ADDED from src\main\AndroidManifest.xml:43:9-67:20
	android:screenOrientation
		ADDED from src\main\AndroidManifest.xml:45:13-47
	android:configChanges
		ADDED from src\main\AndroidManifest.xml:46:13-63
	android:theme
		ADDED from src\main\AndroidManifest.xml:44:13-60
	android:name
		ADDED from src\main\AndroidManifest.xml:43:19-44
intent-filter#action:name:android.intent.action.EDIT+action:name:android.intent.action.VIEW+action:name:com.android.notepad.action.EDIT_NOTE+category:name:android.intent.category.DEFAULT+data:mimeType:vnd.android.cursor.item/vnd.google.note
ADDED from src\main\AndroidManifest.xml:49:13-57:29
	android:label
		ADDED from src\main\AndroidManifest.xml:49:28-64
	android:scheme
		ADDED from src\main\AndroidManifest.xml:50:17-38
	tools:ignore
		ADDED from src\main\AndroidManifest.xml:51:17-47
action#com.android.notepad.action.EDIT_NOTE
ADDED from src\main\AndroidManifest.xml:54:17-79
	android:name
		ADDED from src\main\AndroidManifest.xml:54:25-76
intent-filter#action:name:android.intent.action.INSERT+action:name:android.intent.action.PASTE+category:name:android.intent.category.DEFAULT+data:mimeType:vnd.android.cursor.dir/vnd.google.note
ADDED from src\main\AndroidManifest.xml:60:13-65:29
action#android.intent.action.INSERT
ADDED from src\main\AndroidManifest.xml:61:17-71
	android:name
		ADDED from src\main\AndroidManifest.xml:61:25-68
action#android.intent.action.PASTE
ADDED from src\main\AndroidManifest.xml:62:17-70
	android:name
		ADDED from src\main\AndroidManifest.xml:62:25-67
activity#com.example.android.notepad.TitleEditor
ADDED from src\main\AndroidManifest.xml:70:9-90:20
	android:label
		ADDED from src\main\AndroidManifest.xml:71:13-53
	android:windowSoftInputMode
		ADDED from src\main\AndroidManifest.xml:74:13-55
	android:icon
		ADDED from src\main\AndroidManifest.xml:72:13-50
	android:theme
		ADDED from src\main\AndroidManifest.xml:73:13-61
	android:name
		ADDED from src\main\AndroidManifest.xml:70:19-45
intent-filter#action:name:com.android.notepad.action.EDIT_TITLE+category:name:android.intent.category.ALTERNATIVE+category:name:android.intent.category.DEFAULT+category:name:android.intent.category.SELECTED_ALTERNATIVE+data:mimeType:vnd.android.cursor.item/vnd.google.note
ADDED from src\main\AndroidManifest.xml:76:13-89:29
	android:label
		ADDED from src\main\AndroidManifest.xml:76:28-65
action#com.android.notepad.action.EDIT_TITLE
ADDED from src\main\AndroidManifest.xml:78:17-80
	android:name
		ADDED from src\main\AndroidManifest.xml:78:25-77
category#android.intent.category.ALTERNATIVE
ADDED from src\main\AndroidManifest.xml:83:17-80
	android:name
		ADDED from src\main\AndroidManifest.xml:83:27-77
category#android.intent.category.SELECTED_ALTERNATIVE
ADDED from src\main\AndroidManifest.xml:86:17-89
	android:name
		ADDED from src\main\AndroidManifest.xml:86:27-86
activity#com.example.android.notepad.NotesLiveFolder
ADDED from src\main\AndroidManifest.xml:92:9-98:20
	android:label
		ADDED from src\main\AndroidManifest.xml:92:50-90
	android:icon
		ADDED from src\main\AndroidManifest.xml:93:13-55
	android:name
		ADDED from src\main\AndroidManifest.xml:92:19-49
intent-filter#action:name:android.intent.action.CREATE_LIVE_FOLDER+category:name:android.intent.category.DEFAULT
ADDED from src\main\AndroidManifest.xml:94:13-97:29
action#android.intent.action.CREATE_LIVE_FOLDER
ADDED from src\main\AndroidManifest.xml:95:17-83
	android:name
		ADDED from src\main\AndroidManifest.xml:95:25-80
activity#com.example.android.notepad.OutputText
ADDED from src\main\AndroidManifest.xml:100:9-104:20
	android:label
		ADDED from src\main\AndroidManifest.xml:101:13-48
	android:windowSoftInputMode
		ADDED from src\main\AndroidManifest.xml:103:13-55
	android:theme
		ADDED from src\main\AndroidManifest.xml:102:13-61
	android:name
		ADDED from src\main\AndroidManifest.xml:100:19-44
uses-permission#android.permission.MOUNT_UNMOUNT_FILESYSTEMS
ADDED from src\main\AndroidManifest.xml:109:5-110:67
	tools:ignore
		ADDED from src\main\AndroidManifest.xml:110:9-64
	android:name
		ADDED from src\main\AndroidManifest.xml:109:22-81
uses-permission#android.permission.WRITE_EXTERNAL_STORAGE
ADDED from src\main\AndroidManifest.xml:112:5-113:46
	tools:ignore
		ADDED from src\main\AndroidManifest.xml:113:9-43
	android:name
		ADDED from src\main\AndroidManifest.xml:112:22-78
uses-sdk
INJECTED from src\main\AndroidManifest.xml reason: use-sdk injection requested
INJECTED from src\main\AndroidManifest.xml
INJECTED from src\main\AndroidManifest.xml
INJECTED from src\main\AndroidManifest.xml
INJECTED from src\main\AndroidManifest.xml
	android:targetSdkVersion
		INJECTED from src\main\AndroidManifest.xml
		ADDED from src\main\AndroidManifest.xml
		INJECTED from src\main\AndroidManifest.xml
	android:minSdkVersion
		INJECTED from src\main\AndroidManifest.xml
		ADDED from src\main\AndroidManifest.xml
		INJECTED from src\main\AndroidManifest.xml